---------------
Jul 10 2015 9:39 -- inspect
CURL requires SSL support. Please notify webmaster or hosting company. 35 => SSL connect error

---------------
Jul 10 2015 9:39 -- inspect
System Inspection Results: 
------------------------------
NA: Webserver => Apache
NA: HTTP Host => www.wofachina.com
NA: Path_Translated => /var/chroot/home/content/98/12335998/html/zc_install/index.php(SCRIPT_FILENAME)
NA: Real Path => /home/content/98/12335998/html
NA: Server Free Disk Space => 1113.16 GB
NA: PHP O/S => Linux
NA: PHP API Mode => cgi-fcgi
NA: PHP Max Execution Time per page => 30
OK: Register Globals => OFF
OK: MySQL Support => ON
OK: PHP Version => 5.3.24
OK: PHP Safe Mode => OFF
OK: PHP Sessions Support => ON
OK: PHP Session.AutoStart => OFF
OK: PHP session.use_trans_sid => OFF
OK: Suggested SQL Cache Folder => /home/content/98/12335998/html/cache
OK: PHP magic_quotes_runtime setting => OFF
OK: PHP magic_quotes_sybase setting => OFF
OK: PHP GD Support => ON
OK: GD Version => GD bundled (2.0.34 compatible)
OK: PHP ZLIB Compression Support => ON
OK: PHP OpenSSL Support => ON
OK: PHP cURL Support => ON
OK: CURL NON-SSL Capability => Okay
WARN: CURL SSL Capability => CURL requires SSL support. Please notify webmaster or hosting company. 35 => SSL connect error
OK: PHP Upload Support => ON  upload_max_filesize=32M;  post_max_size=33M
OK: PHP Upload TMP dir => /tmp
OK: Apache .htaccess Support => ON
NA: PHP include_path => .:/usr/local/php5_3/lib/php
NA: PHP SMTP destination => relay-hosting.secureserver.net
NA: PHP sendmail path => /usr/sbin/sendmail -t -i 
NA: PHP sendmail 'from' => me@localhost.com
OK: PHP open_basedir restrictions => 
WARN: PHP Output Buffering (gzip) => OFF
OK: PHP XML Support => ON
OK: PHP Session.Save_Path => /home/content/98/12335998/html/cache-->Writeable
OK: includes/configure.php =>  Writeable
OK: admin/includes/configure.php =>  Writeable
OK: cache => OK 777 read/write/execute
OK: images => OK 777 read/write/execute (INCLUDE SUBDIRECTORIES TOO)
OK: includes/languages/english/html_includes => OK 777 read/write (INCLUDE SUBDIRECTORIES TOO)
OK: logs => OK 777 read/write/execute
OK: media => OK 777 read/write/execute
OK: pub => OK 777 read/write/execute
OK: admin/backups => OK 777 read/write
OK: admin/images/graphs => OK 777 read/write/execute
PHP Extensions compiled: Core, date, ereg, libxml, openssl, pcre, sqlite3, zlib, apc, bcmath, calendar, ctype, curl, dba, dom, hash, fileinfo, filter, ftp, gd, gettext, SPL, iconv, imagick, json, mbstring, mcrypt, mysql, mysqli, session, PDO, pdo_mysql, pdo_sqlite, standard, pspell, Reflection, Phar, SimpleXML, soap, SQLite, exif, tokenizer, wddx, xml, xmlreader, xmlrpc, xmlwriter, xsl, zip, cgi-fcgi, mhash
------------------------------


---------------
Jul 10 2015 9:41 -- inspect
CURL requires SSL support. Please notify webmaster or hosting company. 35 => SSL connect error

---------------
Jul 10 2015 9:42 -- database_setup
FATAL: Connection to Database failed - 

---------------
Jul 10 2015 9:42 -- database_setup1
Installer - Page: database_setup -- collected information: Array
(
    [language] => english
    [DIR_FS_SQL_CACHE] => /home/content/98/12335998/html/cache
    [DB_TYPE] => mysql
    [DB_PREFIX] => 
    [DB_CHARSET] => utf8
    [DB_SERVER] => localhost
    [DB_SERVER_USERNAME] => firstwholesale
    [DB_SERVER_PASSWORD] => ***private***
    [DB_DATABASE] => firstwholesale
    [SQL_CACHE_METHOD] => none
)


---------------
Jul 10 2015 9:43 -- database_setup
FATAL: Connection to Database failed - 

---------------
Jul 10 2015 9:43 -- database_setup1
Installer - Page: database_setup -- collected information: Array
(
    [language] => english
    [DIR_FS_SQL_CACHE] => /home/content/98/12335998/html/cache
    [DB_TYPE] => mysql
    [DB_PREFIX] => 
    [DB_CHARSET] => utf8
    [DB_SERVER] => http://www.wofachina.com/
    [DB_SERVER_USERNAME] => firstwholesale
    [DB_SERVER_PASSWORD] => ***private***
    [DB_DATABASE] => firstwholesale
    [SQL_CACHE_METHOD] => none
)


---------------
Jul 10 2015 9:46 -- database_setup
FATAL: Connection to Database failed - 

---------------
Jul 10 2015 9:46 -- database_setup1
Installer - Page: database_setup -- collected information: Array
(
    [language] => english
    [DIR_FS_SQL_CACHE] => /home/content/98/12335998/html/cache
    [DB_TYPE] => mysql
    [DB_PREFIX] => 
    [DB_CHARSET] => utf8
    [DB_SERVER] => NS57.DOMAINCONTROL.COM
    [DB_SERVER_USERNAME] => firstwholesale
    [DB_SERVER_PASSWORD] => ***private***
    [DB_DATABASE] => firstwholesale
    [SQL_CACHE_METHOD] => none
)


---------------
Jul 10 2015 9:47 -- database_setup
FATAL: Connection to Database failed - 

---------------
Jul 10 2015 9:47 -- database_setup1
Installer - Page: database_setup -- collected information: Array
(
    [language] => english
    [DIR_FS_SQL_CACHE] => /home/content/98/12335998/html/cache
    [DB_TYPE] => mysql
    [DB_PREFIX] => 
    [DB_CHARSET] => utf8
    [DB_SERVER] => 173.201.0.1
    [DB_SERVER_USERNAME] => firstwholesale
    [DB_SERVER_PASSWORD] => ***private***
    [DB_DATABASE] => firstwholesale
    [SQL_CACHE_METHOD] => none
)


---------------
Jul 10 2015 9:47 -- database_setup
FATAL: Connection to Database failed - 

---------------
Jul 10 2015 9:47 -- database_setup1
Installer - Page: database_setup -- collected information: Array
(
    [language] => english
    [DIR_FS_SQL_CACHE] => /home/content/98/12335998/html/cache
    [DB_TYPE] => mysql
    [DB_PREFIX] => 
    [DB_CHARSET] => utf8
    [DB_SERVER] => 173.201.0.1
    [DB_SERVER_USERNAME] => firstwholesale
    [DB_SERVER_PASSWORD] => ***private***
    [DB_DATABASE] => firstwholesale
    [SQL_CACHE_METHOD] => none
)


---------------
Jul 10 2015 9:49 -- database_setup
FATAL: Connection to Database failed - 

---------------
Jul 10 2015 9:49 -- database_setup1
Installer - Page: database_setup -- collected information: Array
(
    [language] => english
    [DIR_FS_SQL_CACHE] => /home/content/98/12335998/html/cache
    [DB_TYPE] => mysql
    [DB_PREFIX] => 
    [DB_CHARSET] => utf8
    [DB_SERVER] => 173.201.0.1
    [DB_SERVER_USERNAME] => firstwholesale
    [DB_SERVER_PASSWORD] => ***private***
    [DB_DATABASE] => firstwholesale
    [SQL_CACHE_METHOD] => none
)


---------------
Jul 10 2015 9:49 -- database_setup
FATAL: Connection to Database failed - 

---------------
Jul 10 2015 9:49 -- database_setup1
Installer - Page: database_setup -- collected information: Array
(
    [language] => english
    [DIR_FS_SQL_CACHE] => /home/content/98/12335998/html/cache
    [DB_TYPE] => mysql
    [DB_PREFIX] => 
    [DB_CHARSET] => utf8
    [DB_SERVER] => 173.201.0.1
    [DB_SERVER_USERNAME] => firstwholesale
    [DB_SERVER_PASSWORD] => ***private***
    [DB_DATABASE] => firstwholesale
    [SQL_CACHE_METHOD] => none
)


---------------
Jul 10 2015 9:52 -- database_setup
FATAL: Connection to Database failed - 

---------------
Jul 10 2015 9:52 -- database_setup1
Installer - Page: database_setup -- collected information: Array
(
    [language] => english
    [DIR_FS_SQL_CACHE] => /home/content/98/12335998/html/cache
    [DB_TYPE] => mysql
    [DB_PREFIX] => 
    [DB_CHARSET] => utf8
    [DB_SERVER] => wofachina.com
    [DB_SERVER_USERNAME] => firstwholesale
    [DB_SERVER_PASSWORD] => ***private***
    [DB_DATABASE] => firstwholesale
    [SQL_CACHE_METHOD] => none
)


---------------
Jul 10 2015 9:53 -- database_setup1
Installer - Page: database_setup -- collected information: Array
(
    [language] => english
    [DIR_FS_SQL_CACHE] => /home/content/98/12335998/html/cache
    [DB_TYPE] => mysql
    [DB_PREFIX] => 
    [DB_CHARSET] => utf8
    [DB_SERVER] => 68.178.143.156
    [DB_SERVER_USERNAME] => firstwholesale
    [DB_SERVER_PASSWORD] => ***private***
    [DB_DATABASE] => firstwholesale
    [SQL_CACHE_METHOD] => none
)


